<?xml version="1.0" encoding="UTF-8"?>
<!-- Generated by org.testng.reporters.JUnitReportReporter -->
<testsuite hostname="DESKTOP-9S5VM6D" failures="0" tests="1" name="Cucumber.TestNGTestRunner" time="7.774" errors="0" timestamp="2023-01-25T16:42:41 IST" skipped="0">
  <testcase classname="Cucumber.TestNGTestRunner" name="runScenario" time="7.774"/>
  <system-out/>
</testsuite> <!-- Cucumber.TestNGTestRunner -->
