<?xml version="1.0" encoding="UTF-8"?>
<!-- Generated by org.testng.reporters.JUnitReportReporter -->
<testsuite hostname="DESKTOP-9S5VM6D" failures="0" tests="1" name="Cucumber.TestNGTestRunner" time="4.171" errors="0" timestamp="2023-01-24T13:34:46 IST" skipped="0">
  <testcase classname="Cucumber.TestNGTestRunner" name="runScenario" time="4.171"/>
  <system-out/>
</testsuite> <!-- Cucumber.TestNGTestRunner -->
